/opt/conda/envs/quast_env/bin/quast assembly/contigs.fasta -o results/quast --threads 4

Version: 5.3.0

System information:
  OS: Linux-6.8.0-1044-azure-x86_64-with-glibc2.39 (linux_64)
  Python version: 3.9.23
  CPUs number: 4

Started: 2026-03-05 03:26:56

Logging to /workspaces/100_days/ecoli_genome_annotation/ecoli_genome_project/results/quast/quast.log
NOTICE: Output directory already exists and looks like a QUAST output dir. Existing results can be reused (e.g. previously generated alignments)!

CWD: /workspaces/100_days/ecoli_genome_annotation/ecoli_genome_project
Main parameters: 
  MODE: default, threads: 4, min contig length: 500, min alignment length: 65, min alignment IDY: 95.0, \
  ambiguity: one, min local misassembly length: 200, min extensive misassembly length: 1000

Contigs:
  Pre-processing...
  assembly/contigs.fasta ==> contigs

2026-03-05 03:26:58
Running Basic statistics processor...
  Contig files: 
    contigs
  Calculating N50 and L50...
    contigs, N50 = 125222, L50 = 13, auN = 137893.5, Total length = 4553278, GC % = 50.73, # N's per 100 kbp =  0.00
  Drawing Nx plot...
    saved to /workspaces/100_days/ecoli_genome_annotation/ecoli_genome_project/results/quast/basic_stats/Nx_plot.pdf
  Drawing cumulative plot...
    saved to /workspaces/100_days/ecoli_genome_annotation/ecoli_genome_project/results/quast/basic_stats/cumulative_plot.pdf
  Drawing GC content plot...
    saved to /workspaces/100_days/ecoli_genome_annotation/ecoli_genome_project/results/quast/basic_stats/GC_content_plot.pdf
  Drawing contigs GC content plot...
    saved to /workspaces/100_days/ecoli_genome_annotation/ecoli_genome_project/results/quast/basic_stats/contigs_GC_content_plot.pdf
  Drawing Coverage histogram (bin size: 1x)...
    saved to /workspaces/100_days/ecoli_genome_annotation/ecoli_genome_project/results/quast/basic_stats/coverage_histogram.pdf
  Drawing contigs coverage histogram (bin size: 1x)...
    saved to /workspaces/100_days/ecoli_genome_annotation/ecoli_genome_project/results/quast/basic_stats/contigs_coverage_histogram.pdf
Done.

NOTICE: Genes are not predicted by default. Use --gene-finding or --glimmer option to enable it.

2026-03-05 03:26:59
Creating large visual summaries...
This may take a while: press Ctrl-C to skip this step..
  1 of 2: Creating PDF with all tables and plots...
  2 of 2: Creating Icarus viewers...
Done

2026-03-05 03:27:00
RESULTS:
  Text versions of total report are saved to /workspaces/100_days/ecoli_genome_annotation/ecoli_genome_project/results/quast/report.txt, report.tsv, and report.tex
  Text versions of transposed total report are saved to /workspaces/100_days/ecoli_genome_annotation/ecoli_genome_project/results/quast/transposed_report.txt, transposed_report.tsv, and transposed_report.tex
  HTML version (interactive tables and plots) is saved to /workspaces/100_days/ecoli_genome_annotation/ecoli_genome_project/results/quast/report.html
  PDF version (tables and plots) is saved to /workspaces/100_days/ecoli_genome_annotation/ecoli_genome_project/results/quast/report.pdf
  Icarus (contig browser) is saved to /workspaces/100_days/ecoli_genome_annotation/ecoli_genome_project/results/quast/icarus.html
  Log is saved to /workspaces/100_days/ecoli_genome_annotation/ecoli_genome_project/results/quast/quast.log

Finished: 2026-03-05 03:27:00
Elapsed time: 0:00:04.301029
NOTICEs: 2; WARNINGs: 0; non-fatal ERRORs: 0

Thank you for using QUAST!
