[03:36:09] This is prokka 1.15.6
[03:36:09] Written by Torsten Seemann <torsten.seemann@gmail.com>
[03:36:09] Homepage is https://github.com/tseemann/prokka
[03:36:09] Local time is Thu Mar  5 03:36:09 2026
[03:36:09] You are codespace
[03:36:09] Operating system is linux
[03:36:09] You have BioPerl 1.7.8
[03:36:09] System has 4 cores.
[03:36:09] Will use maximum of 4 cores.
[03:36:09] Annotating as >>> Bacteria <<<
[03:36:09] Generating locus_tag from 'assembly/contigs.fasta' contents.
[03:36:09] Setting --locustag CAPPHCFD from MD5 ca991cfdfadd14b68699cd354444bbd4
[03:36:09] Re-using existing --outdir annotation
[03:36:09] Using filename prefix: ecoli.XXX
[03:36:09] Setting HMMER_NCPU=1
[03:36:09] Writing log to: annotation/ecoli.log
[03:36:09] Command: /opt/conda/envs/prokka_env/bin/prokka assembly/contigs.fasta --outdir annotation --prefix ecoli --genus Escherichia --species coli --cpus 4 --force
[03:36:09] Looking for 'aragorn' - found /opt/conda/envs/prokka_env/bin/aragorn
[03:36:09] Determined aragorn version is v1.2 from 'ARAGORN v1.2.41 Dean Laslett'
[03:36:09] Looking for 'barrnap' - found /opt/conda/envs/prokka_env/bin/barrnap
[03:36:09] Determined barrnap version is v0.9 from 'barrnap 0.9'
[03:36:09] Looking for 'blastp' - found /opt/conda/envs/prokka_env/bin/blastp
[03:36:09] Determined blastp version is v2.16 from 'blastp: 2.16.0+'
[03:36:09] Looking for 'cmpress' - found /opt/conda/envs/prokka_env/bin/cmpress
[03:36:09] Determined cmpress version is v1.1 from '# INFERNAL 1.1.5 (Sep 2023)'
[03:36:09] Looking for 'cmscan' - found /opt/conda/envs/prokka_env/bin/cmscan
[03:36:09] Determined cmscan version is v1.1 from '# INFERNAL 1.1.5 (Sep 2023)'
[03:36:09] Looking for 'egrep' - found /usr/bin/egrep
[03:36:09] Looking for 'find' - found /usr/bin/find
[03:36:09] Looking for 'grep' - found /usr/bin/grep
[03:36:09] Looking for 'hmmpress' - found /opt/conda/envs/prokka_env/bin/hmmpress
[03:36:09] Determined hmmpress version is v3.4 from '# HMMER 3.4 (Aug 2023); http://hmmer.org/'
[03:36:09] Looking for 'hmmscan' - found /opt/conda/envs/prokka_env/bin/hmmscan
[03:36:09] Determined hmmscan version is v3.4 from '# HMMER 3.4 (Aug 2023); http://hmmer.org/'
[03:36:09] Looking for 'java' - found /opt/conda/envs/prokka_env/bin/java
[03:36:09] Looking for 'makeblastdb' - found /opt/conda/envs/prokka_env/bin/makeblastdb
[03:36:09] Determined makeblastdb version is v2.16 from 'makeblastdb: 2.16.0+'
[03:36:09] Looking for 'minced' - found /opt/conda/envs/prokka_env/bin/minced
[03:36:09] Determined minced version is v4.2 from 'minced 0.4.2'
[03:36:09] Looking for 'parallel' - found /opt/conda/envs/prokka_env/bin/parallel
[03:36:09] Determined parallel version is 20260122 from 'GNU parallel 20260122'
[03:36:09] Looking for 'prodigal' - found /opt/conda/envs/prokka_env/bin/prodigal
[03:36:09] Determined prodigal version is v2.6 from 'Prodigal V2.6.3: February, 2016'
[03:36:09] Looking for 'prokka-genbank_to_fasta_db' - found /opt/conda/envs/prokka_env/bin/prokka-genbank_to_fasta_db
[03:36:09] Looking for 'sed' - found /usr/bin/sed
[03:36:09] Looking for 'tbl2asn' - found /opt/conda/envs/prokka_env/bin/tbl2asn
[03:36:09] Determined tbl2asn version is v25.7 from 'tbl2asn 25.7   arguments:'
[03:36:09] Using genetic code table 11.
[03:36:09] Loading and checking input file: assembly/contigs.fasta
[03:36:09] Wrote 309 contigs totalling 4586567 bp.
[03:36:09] Predicting tRNAs and tmRNAs
[03:36:09] Running: aragorn -l -gc11  -w annotation\/ecoli\.fna
[03:36:10] 1 tRNA-Ser [61849,61936] 35 (tga)
[03:36:10] 2 tRNA-Ser [167622,167709] 35 (gga)
[03:36:10] 1 tRNA-Leu [10740,10826] 35 (gag)
[03:36:10] 2 tRNA-Met [14609,14685] 35 (cat)
[03:36:10] 3 tRNA-Met c[119642,119717] 34 (cat)
[03:36:10] 1 tRNA-Val [107000,107076] 35 (gac)
[03:36:10] 2 tRNA-Val [107081,107157] 35 (gac)
[03:36:10] 1 tRNA-Ala c[2,77] 34 (ggc)
[03:36:10] 2 tRNA-Ala c[117,192] 34 (ggc)
[03:36:10] 3 tRNA-Val [2892,2967] 34 (tac)
[03:36:10] 4 tRNA-Val [3012,3087] 34 (tac)
[03:36:10] 5 tRNA-Lys [3092,3167] 34 (ttt)
[03:36:10] 1 tRNA-Arg [155753,155827] 34 (cct)
[03:36:10] 1 tRNA-SeC c[118273,118367] 35 (tca)
[03:36:10] 1 tRNA-Tyr c[16455,16539] 35 (gta)
[03:36:10] 1 tRNA-Asn c[-1,72] 34 (gtt)
[03:36:10] 2 tRNA-Asn [1821,1896] 34 (gtt)
[03:36:10] 3 tRNA-Asn c[15300,15375] 34 (gtt)
[03:36:10] 4 tRNA-Ser [16367,16456] 35 (cga)
[03:36:10] 5 tRNA-Gly [27813,27888] 34 (gcc)
[03:36:10] 6 tRNA-Cys [27942,28015] 33 (gca)
[03:36:10] 7 tRNA-Leu [28028,28114] 35 (taa)
[03:36:10] 1 tRNA-Pro [115051,115127] 35 (ggg)
[03:36:10] 1 tRNA-Phe c[20137,20212] 34 (gaa)
[03:36:10] 2 tRNA-Gly [131421,131494] 33 (ccc)
[03:36:10] 1 tRNA-Leu c[23967,24051] 35 (caa)
[03:36:10] 1 tRNA-Pro c[61745,61821] 35 (tgg)
[03:36:10] 2 tRNA-Leu c[61864,61950] 35 (cag)
[03:36:10] 3 tRNA-His c[61971,62046] 34 (gtg)
[03:36:10] 4 tRNA-Arg c[62105,62181] 35 (ccg)
[03:36:10] 5 tRNA-Trp c[97524,97599] 34 (cca)
[03:36:10] 6 tRNA-Asp c[97608,97684] 35 (gtc)
[03:36:10] 1 tRNA-Thr [24011,24086] 34 (cgt)
[03:36:10] 2 tRNA-Ser [74446,74526] 38 (gga)
[03:36:10] 1 tRNA-Met c[1,75] 35 (cat)
[03:36:10] 1 tRNA-Ser [59423,59515] 35 (gct)
[03:36:10] 2 tRNA-Arg [59519,59594] 35 (acg)
[03:36:10] 1 tRNA-Arg c[17295,17371] 35 (tct)
[03:36:10] 1 tRNA-Lys c[1,76] 34 (ttt)
[03:36:10] 1 tRNA-Phe c[13822,13897] 34 (gaa)
[03:36:10] 2 tRNA-Gly [43065,43140] 34 (gcc)
[03:36:10] 3 tRNA-Gly [43177,43252] 34 (gcc)
[03:36:10] 1 tRNA-Met [2,73] 30 (cat)
[03:36:11] 1 tRNA-Gln c[3,77] 33 (ttg)
[03:36:11] 2 tRNA-Gln c[112,186] 33 (ttg)
[03:36:11] 3 tRNA-Leu c[210,294] 35 (tag)
[03:36:11] 4 tRNA-Met c[303,379] 35 (cat)
[03:36:11] 1 tmRNA [24131,24493] 90,125 ANDENYALAA**
[03:36:11] 1 tRNA-Pro c[13474,13550] 35 (cgg)
[03:36:11] 1 tRNA-Gln c[12469,12543] 33 (ctg)
[03:36:11] 2 tRNA-Met c[12591,12667] 35 (cat)
[03:36:11] 1 tRNA-Gly [-1,75] 34 (gcc)
[03:36:11] 1 tRNA-Asn c[4873,4948] 34 (gtt)
[03:36:11] 1 tRNA-Asp [3943,4019] 35 (gtc)
[03:36:11] 1 tRNA-Thr [3500,3575] 34 (tgt)
[03:36:11] 2 tRNA-Tyr [3584,3668] 35 (gta)
[03:36:11] 3 tRNA-Gly [3785,3859] 34 (tcc)
[03:36:11] 4 tRNA-Thr [3866,3941] 34 (ggt)
[03:36:11] 1 tRNA-Asp [-1,76] 35 (gtc)
[03:36:11] 1 tRNA-Ala c[2241,2316] 34 (tgc)
[03:36:11] 2 tRNA-Ile c[2359,2435] 35 (gat)
[03:36:11] 1 tRNA-Arg [267,343] 35 (acg)
[03:36:11] 1 tRNA-Arg [252,323] 34 (tcg)
[03:36:11] 1 tRNA-Glu c[121,196] 35 (ttc)
[03:36:11] 1 tRNA-Leu c[111,197] 35 (cag)
[03:36:11] 1 tRNA-Lys [2,77] 34 (ttt)
[03:36:11] 2 tRNA-Lys [224,299] 34 (ttt)
[03:36:11] 1 tRNA-Lys [-1,75] 34 (ttt)
[03:36:11] 2 tRNA-Val [211,286] 34 (tac)
[03:36:11] 1 tRNA-Thr c[127,202] 34 (ggt)
[03:36:11] 1 tRNA-Lys c[2,77] 34 (ttt)
[03:36:11] 2 tRNA-Lys c[210,285] 34 (ttt)
[03:36:11] 1 tRNA-Arg c[131,207] 35 (acg)
[03:36:11] 1 tRNA-Lys [2,77] 34 (ttt)
[03:36:11] 2 tRNA-Val [129,204] 34 (tac)
[03:36:11] 1 tRNA-Val [-2,74] 34 (tac)
[03:36:11] 2 tRNA-Val [121,193] 34 (tac)
[03:36:11] 1 tRNA-Gln c[1,75] 33 (ctg)
[03:36:11] 2 tRNA-Gln c[113,187] 33 (ctg)
[03:36:11] 1 tRNA-Met c[1,75] 35 (cat)
[03:36:11] 2 tRNA-Met c[109,185] 35 (cat)
[03:36:11] 1 tRNA-Gln [1,75] 33 (ttg)
[03:36:11] 2 tRNA-Met [91,166] 35 (cat)
[03:36:11] 1 tRNA-Lys c[2,77] 34 (ttt)
[03:36:11] Found 84 tRNAs
[03:36:11] Predicting Ribosomal RNAs
[03:36:11] Running Barrnap with 4 threads
[03:36:12] 1 NODE_100_length_285_cov_33.485577 6 5S ribosomal RNA (partial)
[03:36:12] 2 NODE_4_length_196608_cov_34.579593 196337 5S ribosomal RNA
[03:36:12] 3 NODE_66_length_2536_cov_220.193168 1 23S ribosomal RNA (partial)
[03:36:12] 4 NODE_70_length_1476_cov_260.451751 46 16S ribosomal RNA
[03:36:12] 5 NODE_79_length_929_cov_252.630282 2 23S ribosomal RNA (partial)
[03:36:12] Found 5 rRNAs
[03:36:12] Skipping ncRNA search, enable with --rfam if desired.
[03:36:12] Total of 88 tRNA + rRNA features
[03:36:12] Searching for CRISPR repeats
[03:36:13] CRISPR1 NODE_25_length_66279_cov_43.091946 48746 with 14 spacers
[03:36:13] CRISPR2 NODE_27_length_59594_cov_31.211234 94 with 5 spacers
[03:36:13] Found 2 CRISPRs
[03:36:13] Predicting coding sequences
[03:36:13] Contigs total 4586567 bp, so using single mode
[03:36:13] Running: prodigal -i annotation\/ecoli\.fna -c -m -g 11 -p single -f sco -q
[03:36:18] Excluding CDS which overlaps existing RNA (repeat_region) at NODE_25_length_66279_cov_43.091946:48724..49572 on - strand
[03:36:19] Excluding CDS which overlaps existing RNA (rRNA) at NODE_70_length_1476_cov_260.451751:145..399 on - strand
[03:36:19] Found 4251 CDS
[03:36:19] Connecting features back to sequences
[03:36:19] Not using genus-specific database. Try --usegenus to enable it.
[03:36:19] Annotating CDS, please be patient.
[03:36:19] Will use 4 CPUs for similarity searching.
[03:36:20] There are still 4251 unannotated CDS left (started with 4251)
[03:36:20] Will use blast to search against /opt/conda/envs/prokka_env/db/kingdom/Bacteria/IS with 4 CPUs
[03:36:20] Running: cat annotation\/ecoli\.IS\.tmp\.48945\.faa | parallel --gnu --plain -j 4 --block 170000 --recstart '>' --pipe blastp -query - -db /opt/conda/envs/prokka_env/db/kingdom/Bacteria/IS -evalue 1e-30 -qcov_hsp_perc 90 -num_threads 1 -num_descriptions 1 -num_alignments 1 -seg no > annotation\/ecoli\.IS\.tmp\.48945\.blast 2> /dev/null
[03:36:48] Deleting unwanted file: annotation/ecoli.IS.tmp.48945.faa
[03:36:48] Deleting unwanted file: annotation/ecoli.IS.tmp.48945.blast
[03:36:48] There are still 4181 unannotated CDS left (started with 4251)
[03:36:48] Will use blast to search against /opt/conda/envs/prokka_env/db/kingdom/Bacteria/AMR with 4 CPUs
[03:36:48] Running: cat annotation\/ecoli\.AMR\.tmp\.48945\.faa | parallel --gnu --plain -j 4 --block 168472 --recstart '>' --pipe blastp -query - -db /opt/conda/envs/prokka_env/db/kingdom/Bacteria/AMR -evalue 1e-300 -qcov_hsp_perc 90 -num_threads 1 -num_descriptions 1 -num_alignments 1 -seg no > annotation\/ecoli\.AMR\.tmp\.48945\.blast 2> /dev/null
[03:37:33] Deleting unwanted file: annotation/ecoli.AMR.tmp.48945.faa
[03:37:33] Deleting unwanted file: annotation/ecoli.AMR.tmp.48945.blast
[03:37:34] There are still 4152 unannotated CDS left (started with 4251)
[03:37:34] Will use blast to search against /opt/conda/envs/prokka_env/db/kingdom/Bacteria/sprot with 4 CPUs
[03:37:34] Running: cat annotation\/ecoli\.sprot\.tmp\.48945\.faa | parallel --gnu --plain -j 4 --block 165509 --recstart '>' --pipe blastp -query - -db /opt/conda/envs/prokka_env/db/kingdom/Bacteria/sprot -evalue 1e-09 -qcov_hsp_perc 80 -num_threads 1 -num_descriptions 1 -num_alignments 1 -seg no > annotation\/ecoli\.sprot\.tmp\.48945\.blast 2> /dev/null
[03:39:41] Modify product: UPF0283 membrane protein YcjF => hypothetical protein
[03:39:41] Modify product: Uncharacterized protein YcjY => putative protein YcjY
[03:39:41] Modify product: Probable DNA endonuclease SmrA => putative DNA endonuclease SmrA
[03:39:41] Modify product: Uncharacterized protein YdaG => putative protein YdaG
[03:39:41] Modify product: Probable FMN/FAD exporter YeeO => putative FMN/FAD exporter YeeO
[03:39:41] Modify product: Probable transcriptional regulatory protein YeeN => putative transcriptional regulatory protein YeeN
[03:39:41] Modify product: Cytochrome b561 homolog 1 => Cytochrome b561 
[03:39:41] Modify product: Probable transcriptional regulatory protein YebC => putative transcriptional regulatory protein YebC
[03:39:41] Modify product: Uncharacterized protein YebY => putative protein YebY
[03:39:41] Modify product: Uncharacterized protein YebV => putative protein YebV
[03:39:41] Modify product: Probable manganese efflux pump MntP => putative manganese efflux pump MntP
[03:39:41] Modify product: UPF0266 membrane protein YobD => hypothetical protein
[03:39:41] Modify product: UPF0053 inner membrane protein YoaE => hypothetical protein
[03:39:41] Modify product: Probable cyclic di-GMP phosphodiesterase PdeD => putative cyclic di-GMP phosphodiesterase PdeD
[03:39:41] Modify product: Nudix hydrolase DR_1184 => Nudix hydrolase
[03:39:42] Modify product: Uncharacterized lipoprotein GfcB => putative lipoprotein GfcB
[03:39:42] Modify product: UPF0337 protein YjbJ => hypothetical protein
[03:39:42] Modify product: Uncharacterized protein YjbR => putative protein YjbR
[03:39:42] Modify product: Probable cyclic di-GMP phosphodiesterase PdeC => putative cyclic di-GMP phosphodiesterase PdeC
[03:39:42] Modify product: Probable cyclic di-GMP phosphodiesterase PdeC => putative cyclic di-GMP phosphodiesterase PdeC
[03:39:42] Modify product: Uncharacterized ferredoxin-like protein YdhX => putative ferredoxin-like protein YdhX
[03:39:42] Modify product: Probable transcriptional regulator PhnF => putative transcriptional regulator PhnF
[03:39:42] Modify product: Uncharacterized protein YehL => putative protein YehL
[03:39:42] Modify product: Uncharacterized lipoprotein YehR => putative lipoprotein YehR
[03:39:42] Modify product: UPF0387 membrane protein YohO => hypothetical protein
[03:39:42] Modify product: Uncharacterized oxidoreductase YohF => putative oxidoreductase YohF
[03:39:42] Modify product: UPF0299 membrane protein YohJ => hypothetical protein
[03:39:42] Modify product: Uncharacterized HTH-type transcriptional regulator YeiE => putative HTH-type transcriptional regulator YeiE
[03:39:42] Modify product: UPF0324 inner membrane protein YeiH => hypothetical protein
[03:39:42] Modify product: UPF0153 protein YeiW => hypothetical protein
[03:39:42] Modify product: Probable cyclic di-GMP phosphodiesterase PdeN => putative cyclic di-GMP phosphodiesterase PdeN
[03:39:42] Modify product: Uncharacterized protein YejA => putative protein YejA
[03:39:42] Modify product: Uncharacterized ABC transporter ATP-binding protein YejF => putative ABC transporter ATP-binding protein YejF
[03:39:42] Modify product: Uncharacterized protein YejG => putative protein YejG
[03:39:42] Modify product: UPF0352 protein YejL => hypothetical protein
[03:39:42] Modify product: Probable autotransporter YpjA => putative autotransporter YpjA
[03:39:42] Modify product: UPF0758 protein CT0611 => hypothetical protein
[03:39:42] Modify product: UPF0401 protein YkfF => hypothetical protein
[03:39:42] Modify product: Probable Fe(2+)-trafficking protein => putative Fe(2+)-trafficking protein
[03:39:42] Modify product: Uncharacterized protein HI_0341 => putative protein
[03:39:42] Modify product: UPF0235 protein YggU => hypothetical protein
[03:39:42] Modify product: Uncharacterized protein YggR => putative protein YggR
[03:39:42] Modify product: UPF0301 protein YqgE => hypothetical protein
[03:39:42] Modify product: UPF0149 protein HI_0817 => hypothetical protein
[03:39:42] Modify product: Uncharacterized oxidoreductase YgfF => putative oxidoreductase YgfF
[03:39:42] Modify product: UPF0073 inner membrane protein YqfA => hypothetical protein
[03:39:42] Modify product: Uncharacterized protein YqfG => putative protein YqfG
[03:39:42] Modify product: UPF0060 membrane protein YnfA => hypothetical protein
[03:39:42] Modify product: UPF0482 protein YnfB => hypothetical protein
[03:39:42] Modify product: Uncharacterized protein YnfD => putative protein YnfD
[03:39:42] Modify product: Probable dimethyl sulfoxide reductase chain YnfF => putative dimethyl sulfoxide reductase chain YnfF
[03:39:42] Modify product: Uncharacterized serine protease YdgD => putative serine protease YdgD
[03:39:42] Modify product: Uncharacterized oxidoreductase YdgJ => putative oxidoreductase YdgJ
[03:39:42] Modify product: Uncharacterized protein YnhF => putative protein YnhF
[03:39:42] Modify product: Uncharacterized protein YdhT => putative protein YdhT
[03:39:42] Modify product: Uncharacterized ferredoxin-like protein YdhX => putative ferredoxin-like protein YdhX
[03:39:42] Modify product: Uncharacterized protein YdhW => putative protein YdhW
[03:39:42] Modify product: Uncharacterized oxidoreductase YdhV => putative oxidoreductase YdhV
[03:39:42] Modify product: Uncharacterized ferredoxin-like protein YdhY => putative ferredoxin-like protein YdhY
[03:39:42] Modify product: Probable L,D-transpeptidase YnhG => putative L,D-transpeptidase YnhG
[03:39:42] Modify product: Probable ATP-dependent transporter SufC => putative ATP-dependent transporter SufC
[03:39:42] Modify product: Uncharacterized protein YdiE => putative protein YdiE
[03:39:42] Modify product: Uncharacterized protein YniD => putative protein YniD
[03:39:42] Modify product: Probable ketoamine kinase lp_1983 => putative ketoamine kinase
[03:39:42] Modify product: Uncharacterized HTH-type transcriptional regulator YdjF => putative HTH-type transcriptional regulator YdjF
[03:39:42] Modify product: Uncharacterized sugar kinase YdjH => putative sugar kinase YdjH
[03:39:42] Modify product: Uncharacterized protein YdjI => putative protein YdjI
[03:39:42] Modify product: Uncharacterized zinc-type alcohol dehydrogenase-like protein YdjJ => putative zinc-type alcohol dehydrogenase-like protein YdjJ
[03:39:42] Modify product: UPF0229 protein YeaH => hypothetical protein
[03:39:42] Modify product: Probable diguanylate cyclase CdgI => putative diguanylate cyclase CdgI
[03:39:42] Modify product: Probable diguanylate cyclase DgcJ => putative diguanylate cyclase DgcJ
[03:39:42] Modify product: Uncharacterized protein YeaR => putative protein YeaR
[03:39:42] Modify product: Uncharacterized protein YfeY => putative protein YfeY
[03:39:42] Modify product: Probable ethanolamine permease EutH => putative ethanolamine permease EutH
[03:39:42] Modify product: Probable alcohol dehydrogenase EutG => putative alcohol dehydrogenase EutG
[03:39:42] Modify product: Probable acetate kinase EutP => putative acetate kinase EutP
[03:39:42] Modify product: Uncharacterized protein Rv2575 => putative protein
[03:39:42] Modify product: Uncharacterized protein YfgD => putative protein YfgD
[03:39:42] Modify product: Uncharacterized protein YfgJ => putative protein YfgJ
[03:39:42] Modify product: Uncharacterized protein Rv2307c => putative protein
[03:39:42] Modify product: Probable 3-phenylpropionic acid transporter => putative 3-phenylpropionic acid transporter
[03:39:42] Modify product: Uncharacterized protein YphB => putative protein YphB
[03:39:42] Modify product: Uncharacterized tRNA/rRNA methyltransferase YfiF => putative tRNA/rRNA methyltransferase YfiF
[03:39:42] Modify product: Uncharacterized protein PA4490 => putative protein
[03:39:42] Modify product: Probable autotransporter YfaL => putative autotransporter YfaL
[03:39:42] Modify product: Uncharacterized HTH-type transcriptional regulator RhmR => putative HTH-type transcriptional regulator RhmR
[03:39:42] Modify product: Probable 4-deoxy-4-formamido-L-arabinose-phosphoundecaprenol deformylase ArnD => putative 4-deoxy-4-formamido-L-arabinose-phosphoundecaprenol deformylase ArnD
[03:39:42] Modify product: Probable 4-amino-4-deoxy-L-arabinose-phosphoundecaprenol flippase subunit ArnE => putative 4-amino-4-deoxy-L-arabinose-phosphoundecaprenol flippase subunit ArnE
[03:39:42] Modify product: Probable 4-amino-4-deoxy-L-arabinose-phosphoundecaprenol flippase subunit ArnF => putative 4-amino-4-deoxy-L-arabinose-phosphoundecaprenol flippase subunit ArnF
[03:39:42] Modify product: Probable diguanylate cyclase DgcT => putative diguanylate cyclase DgcT
[03:39:42] Modify product: Probable malonic semialdehyde reductase RutE => putative malonic semialdehyde reductase RutE
[03:39:42] Modify product: Putative virulence-regulating protein PA2146 => Putative virulence-regulating protein
[03:39:42] Modify product: Uncharacterized protein YccJ => putative protein YccJ
[03:39:42] Modify product: Uncharacterized lipoprotein GfcB => putative lipoprotein GfcB
[03:39:42] Modify product: Probable Ni/Fe-hydrogenase 1 B-type cytochrome subunit => putative Ni/Fe-hydrogenase 1 B-type cytochrome subunit
[03:39:42] Modify product: Uncharacterized protein YccU => putative protein YccU
[03:39:42] Modify product: UPF0319 protein HI_1681 => hypothetical protein
[03:39:42] Modify product: Uncharacterized protein YcbX => putative protein YcbX
[03:39:42] Modify product: Uncharacterized fimbrial chaperone YcbF => putative fimbrial chaperone YcbF
[03:39:42] Modify product: Uncharacterized fimbrial-like protein YcbV => putative fimbrial-like protein YcbV
[03:39:42] Modify product: Uncharacterized fimbrial-like protein YcbU => putative fimbrial-like protein YcbU
[03:39:42] Modify product: Uncharacterized fimbrial-like protein ElfG => putative fimbrial-like protein ElfG
[03:39:42] Modify product: Probable outer membrane usher protein ElfC => putative outer membrane usher protein ElfC
[03:39:42] Modify product: Probable fimbrial chaperone protein ElfD => putative fimbrial chaperone protein ElfD
[03:39:42] Modify product: Probable L,D-transpeptidase YcbB => putative L,D-transpeptidase YcbB
[03:39:42] Modify product: UPF0434 protein YcaR => hypothetical protein
[03:39:42] Modify product: Uncharacterized MFS-type transporter YcaD => putative MFS-type transporter YcaD
[03:39:42] Modify product: Probable hydrolase YcaC => putative hydrolase YcaC
[03:39:42] Modify product: UPF0145 protein YbjQ => hypothetical protein
[03:39:42] Modify product: Uncharacterized lipoprotein YbjP => putative lipoprotein YbjP
[03:39:42] Modify product: Uncharacterized protein YbjN => putative protein YbjN
[03:39:42] Modify product: Prophage tail fiber assembly protein homolog TfaE => Prophage tail fiber assembly protein TfaE
[03:39:42] Modify product: Uncharacterized protein YbiI => putative protein YbiI
[03:39:42] Modify product: Probable cyclic di-GMP phosphodiesterase PdeI => putative cyclic di-GMP phosphodiesterase PdeI
[03:39:42] Modify product: Probable dehydratase YbiW => putative dehydratase YbiW
[03:39:42] Modify product: Uncharacterized protein YbiU => putative protein YbiU
[03:39:42] Modify product: Probable ATP-binding protein YbiT => putative ATP-binding protein YbiT
[03:39:42] Modify product: Probable L,D-transpeptidase YbiS => putative L,D-transpeptidase YbiS
[03:39:42] Modify product: Uncharacterized protein McbA => putative protein McbA
[03:39:42] Modify product: PKHD-type hydroxylase Sbal_3634 => PKHD-type hydroxylase
[03:39:42] Modify product: Uncharacterized protein YbiI => putative protein YbiI
[03:39:42] Modify product: Uncharacterized protein YbiB => putative protein YbiB
[03:39:42] Modify product: UPF0194 membrane protein YbhG => hypothetical protein
[03:39:42] Modify product: Probable multidrug ABC transporter ATP-binding protein YbhF => putative multidrug ABC transporter ATP-binding protein YbhF
[03:39:42] Modify product: Probable multidrug ABC transporter permease YbhS => putative multidrug ABC transporter permease YbhS
[03:39:42] Modify product: Probable multidrug ABC transporter permease YbhR => putative multidrug ABC transporter permease YbhR
[03:39:42] Modify product: UPF0098 protein YbhB => hypothetical protein
[03:39:43] Modify product: Uncharacterized inner membrane transporter YhbE => putative inner membrane transporter YhbE
[03:39:43] Modify product: UPF0213 protein BH0048 => hypothetical protein
[03:39:43] Modify product: Uncharacterized fimbrial-like protein YraK => putative fimbrial-like protein YraK
[03:39:43] Modify product: Probable fimbrial chaperone YraI => putative fimbrial chaperone YraI
[03:39:43] Modify product: Uncharacterized fimbrial-like protein YraH => putative fimbrial-like protein YraH
[03:39:43] Modify product: Probable galactarate/D-glucarate transporter GarP => putative galactarate/D-glucarate transporter GarP
[03:39:43] Modify product: Probable serine transporter => putative serine transporter
[03:39:43] Modify product: UPF0597 protein YhaM => hypothetical protein
[03:39:43] Modify product: Uncharacterized protein YqjD => putative protein YqjD
[03:39:43] Modify product: Probable glycerol-3-phosphate acyltransferase => putative glycerol-3-phosphate acyltransferase
[03:39:43] Modify product: Uncharacterized fimbrial-like protein YbgD => putative fimbrial-like protein YbgD
[03:39:43] Modify product: Probable quinol monooxygenase YgiN => putative quinol monooxygenase YgiN
[03:39:43] Modify product: Probable HTH-type transcriptional regulator STM3175 => putative HTH-type transcriptional regulator
[03:39:43] Modify product: Probable deoxycholate-binding periplasmic protein YgiS => putative deoxycholate-binding periplasmic protein YgiS
[03:39:43] Modify product: Uncharacterized oxidoreductase YghA => putative oxidoreductase YghA
[03:39:43] Modify product: Probable Ni/Fe-hydrogenase 2 b-type cytochrome subunit => putative Ni/Fe-hydrogenase 2 b-type cytochrome subunit
[03:39:43] Modify product: Uncharacterized protein YtfJ => putative protein YtfJ
[03:39:43] Modify product: Probable HTH-type transcriptional regulator LrhA => putative HTH-type transcriptional regulator LrhA
[03:39:43] Modify product: UPF0304 protein YfbU => hypothetical protein
[03:39:43] Modify product: UPF0208 membrane protein YfbV => hypothetical protein
[03:39:43] Modify product: Uncharacterized Nudix hydrolase YfcD => putative Nudix hydrolase YfcD
[03:39:43] Modify product: Epimerase family protein SA0724 => Epimerase family protein
[03:39:43] Modify product: Uncharacterized MFS-type transporter YfcJ => putative MFS-type transporter YfcJ
[03:39:43] Modify product: Probable membrane transporter protein YfcA => putative membrane transporter protein YfcA
[03:39:43] Modify product: Uncharacterized protein YfcO => putative protein YfcO
[03:39:43] Modify product: Uncharacterized fimbrial-like protein YfcP => putative fimbrial-like protein YfcP
[03:39:43] Modify product: Uncharacterized fimbrial-like protein YfcQ => putative fimbrial-like protein YfcQ
[03:39:43] Modify product: Uncharacterized fimbrial-like protein YfcR => putative fimbrial-like protein YfcR
[03:39:43] Modify product: Probable fimbrial chaperone YfcS => putative fimbrial chaperone YfcS
[03:39:43] Modify product: Uncharacterized fimbrial-like protein YfcV => putative fimbrial-like protein YfcV
[03:39:43] Modify product: UPF0381 protein YiiS => hypothetical protein
[03:39:43] Modify product: Probable multidrug resistance protein EmrY => putative multidrug resistance protein EmrY
[03:39:43] Modify product: Probable multidrug resistance protein EmrK => putative multidrug resistance protein EmrK
[03:39:43] Modify product: Probable cyclic di-GMP phosphodiesterase PdeA => putative cyclic di-GMP phosphodiesterase PdeA
[03:39:43] Modify product: UPF0167 protein CbrC => hypothetical protein
[03:39:43] Modify product: Uncharacterized symporter YidK => putative symporter YidK
[03:39:43] Modify product: Uncharacterized inner membrane transporter YicL => putative inner membrane transporter YicL
[03:39:43] Modify product: UPF0126 inner membrane protein YicG => hypothetical protein
[03:39:43] Modify product: UPF0758 protein YsxA => hypothetical protein
[03:39:43] Modify product: Uncharacterized protein YibN => putative protein YibN
[03:39:43] Modify product: Uncharacterized protein YibL => putative protein YibL
[03:39:43] Modify product: Protein SlyX homolog => Protein SlyX 
[03:39:43] Modify product: Probable ATP-binding protein YheS => putative ATP-binding protein YheS
[03:39:43] Modify product: UPF0270 protein PA3463 => hypothetical protein
[03:39:43] Modify product: Probable protein adenylyltransferase Fic => putative protein adenylyltransferase Fic
[03:39:43] Modify product: Uncharacterized protein YhfG => putative protein YhfG
[03:39:43] Modify product: Probable fructoselysine/psicoselysine transporter FrlA => putative fructoselysine/psicoselysine transporter FrlA
[03:39:43] Modify product: Probable fructoselysine utilization operon transcriptional repressor => putative fructoselysine utilization operon transcriptional repressor
[03:39:43] Modify product: Uncharacterized protein YhfS => putative protein YhfS
[03:39:43] Modify product: Uncharacterized protein YhfS => putative protein YhfS
[03:39:43] Modify product: Uncharacterized protein YhfX => putative protein YhfX
[03:39:43] Modify product: Putative membrane protein IgaA homolog => Putative membrane protein IgaA 
[03:39:43] Modify product: Probable [Fe-S]-dependent transcriptional repressor FeoC => putative [Fe-S]-dependent transcriptional repressor FeoC
[03:39:43] Modify product: UPF0056 inner membrane protein YhgN => hypothetical protein
[03:39:43] Modify product: Uncharacterized oxidoreductase YhhX => putative oxidoreductase YhhX
[03:39:43] Modify product: Uncharacterized protein YhhA => putative protein YhhA
[03:39:43] Modify product: Uncharacterized MFS-type transporter YhhS => putative MFS-type transporter YhhS
[03:39:43] Modify product: UPF0225 protein YchJ => hypothetical protein
[03:39:43] Modify product: Uncharacterized NTE family protein Rv1063c => putative NTE family protein
[03:39:43] Modify product: UPF0056 inner membrane protein MarC => hypothetical protein
[03:39:43] Modify product: Uncharacterized acyl-CoA thioester hydrolase HI_0827 => putative acyl-CoA thioester hydrolase
[03:39:43] Modify product: UPF0259 membrane protein YciC => hypothetical protein
[03:39:43] Modify product: Putative virulence-regulating protein PA2146 => Putative virulence-regulating protein
[03:39:43] Modify product: Uncharacterized protein YciO => putative protein YciO
[03:39:43] Modify product: Uncharacterized oxidoreductase YciK => putative oxidoreductase YciK
[03:39:43] Modify product: Probable protease SohB => putative protease SohB
[03:39:43] Modify product: Uncharacterized protein YciH => putative protein YciH
[03:39:43] Modify product: UPF0509 protein YciZ => hypothetical protein
[03:39:43] Modify product: Uncharacterized protein YjhP => putative protein YjhP
[03:39:43] Modify product: Probable 9-O-acetyl-N-acetylneuraminic acid deacetylase => putative 9-O-acetyl-N-acetylneuraminic acid deacetylase
[03:39:43] Modify product: Probable RNA 2'-phosphotransferase => putative RNA 2'-phosphotransferase
[03:39:43] Modify product: Uncharacterized protein YjiK => putative protein YjiK
[03:39:43] Modify product: Probable L-galactonate transporter => putative L-galactonate transporter
[03:39:43] Modify product: Probable HTH-type transcriptional regulator LgoR => putative HTH-type transcriptional regulator LgoR
[03:39:43] Modify product: Probable HTH-type transcriptional regulator LgoR => putative HTH-type transcriptional regulator LgoR
[03:39:43] Modify product: Probable succinate transporter subunit YjjB => putative succinate transporter subunit YjjB
[03:39:43] Modify product: Probable succinate transporter subunit YjjP => putative succinate transporter subunit YjjP
[03:39:43] Modify product: Probable peptidoglycan glycosyltransferase FtsW => putative peptidoglycan glycosyltransferase FtsW
[03:39:43] Modify product: Uncharacterized N-acetyltransferase YafP => putative N-acetyltransferase YafP
[03:39:43] Modify product: Peptide chain release factor homolog => Peptide chain release factor 
[03:39:43] Modify product: Probable fimbrial chaperone EcpE => putative fimbrial chaperone EcpE
[03:39:43] Modify product: Probable outer membrane usher protein EcpC => putative outer membrane usher protein EcpC
[03:39:43] Modify product: Probable fimbrial chaperone EcpB => putative fimbrial chaperone EcpB
[03:39:43] Modify product: Uncharacterized membrane protein YkgR => putative membrane protein YkgR
[03:39:43] Modify product: Probable pyridine nucleotide-disulfide oxidoreductase RclA => putative pyridine nucleotide-disulfide oxidoreductase RclA
[03:39:43] Modify product: Uncharacterized HTH-type transcriptional regulator YahB => putative HTH-type transcriptional regulator YahB
[03:39:43] Modify product: Uncharacterized protein YrbL => putative protein YrbL
[03:39:43] Modify product: Uncharacterized protein YhcO => putative protein YhcO
[03:39:43] Modify product: Probable acrylyl-CoA reductase AcuI => putative acrylyl-CoA reductase AcuI
[03:39:43] Modify product: Uncharacterized membrane protein YhdT => putative membrane protein YhdT
[03:39:43] Modify product: Probable diguanylate cyclase DgcE => putative diguanylate cyclase DgcE
[03:39:43] Modify product: UPF0053 inner membrane protein YoaE => hypothetical protein
[03:39:43] Modify product: Probable L,D-transpeptidase YcfS => putative L,D-transpeptidase YcfS
[03:39:43] Modify product: UPF0227 protein YcfP => hypothetical protein
[03:39:43] Modify product: Uncharacterized metal-dependent hydrolase YcfH => putative metal-dependent hydrolase YcfH
[03:39:43] Modify product: UPF0502 protein YceH => hypothetical protein
[03:39:43] Modify product: Uncharacterized lipoprotein YceB => putative lipoprotein YceB
[03:39:44] Modify product: Uncharacterized protein YceO => putative protein YceO
[03:39:44] Modify product: Cytochrome b561 homolog 2 => Cytochrome b561 
[03:39:44] Modify product: Uncharacterized protein YmdA => putative protein YmdA
[03:39:44] Modify product: Probable phosphatase YcdX => putative phosphatase YcdX
[03:39:44] Modify product: Uncharacterized protein YdfO => putative protein YdfO
[03:39:44] Modify product: Probable two-component-system connector protein YcgZ => putative two-component-system connector protein YcgZ
[03:39:44] Modify product: Probable two-component-system connector protein AriR => putative two-component-system connector protein AriR
[03:39:44] Modify product: Uncharacterized protein YmgC => putative protein YmgC
[03:39:44] Modify product: Probable cyclic di-GMP phosphodiesterase PdeG => putative cyclic di-GMP phosphodiesterase PdeG
[03:39:44] Modify product: Uncharacterized protein YmgD => putative protein YmgD
[03:39:44] Modify product: UPF0757 protein YmgG => hypothetical protein
[03:39:44] Modify product: Probable autotransporter YcgV => putative autotransporter YcgV
[03:39:44] Modify product: Uncharacterized protein YthA => putative protein YthA
[03:39:44] Modify product: Uncharacterized protein YjgL => putative protein YjgL
[03:39:44] Modify product: Uncharacterized protein YtfJ => putative protein YtfJ
[03:39:44] Modify product: Probable L-ascorbate-6-phosphate lactonase UlaG => putative L-ascorbate-6-phosphate lactonase UlaG
[03:39:44] Modify product: UPF0719 inner membrane protein YjfL => hypothetical protein
[03:39:44] Modify product: UPF0231 protein YacL => hypothetical protein
[03:39:44] Modify product: Uncharacterized ABC transporter ATP-binding protein YadG => putative ABC transporter ATP-binding protein YadG
[03:39:44] Modify product: Uncharacterized fimbrial-like protein YadC => putative fimbrial-like protein YadC
[03:39:44] Modify product: Uncharacterized fimbrial-like protein YadK => putative fimbrial-like protein YadK
[03:39:44] Modify product: Uncharacterized fimbrial-like protein YadL => putative fimbrial-like protein YadL
[03:39:44] Modify product: Uncharacterized fimbrial-like protein YadM => putative fimbrial-like protein YadM
[03:39:44] Modify product: Probable fimbrial chaperone YadV => putative fimbrial chaperone YadV
[03:39:44] Modify product: Uncharacterized fimbrial-like protein YadN => putative fimbrial-like protein YadN
[03:39:44] Modify product: UPF0126 inner membrane protein YadS => hypothetical protein
[03:39:44] Modify product: UPF0253 protein YaeP => hypothetical protein
[03:39:44] Modify product: Uncharacterized protein YaeQ => putative protein YaeQ
[03:39:44] Modify product: Uncharacterized transporter YycB => putative transporter YycB
[03:39:44] Modify product: Probable diguanylate cyclase DgcC => putative diguanylate cyclase DgcC
[03:39:44] Modify product: UPF0178 protein YaiI => hypothetical protein
[03:39:44] Modify product: Uncharacterized protein YaiA => putative protein YaiA
[03:39:44] Modify product: Uncharacterized lipoprotein YajI => putative lipoprotein YajI
[03:39:44] Modify product: Probable protein kinase UbiB => putative protein kinase UbiB
[03:39:44] Modify product: Probable ECA polymerase => putative ECA polymerase
[03:39:44] Modify product: UPF0381 protein YiiS => hypothetical protein
[03:39:44] Modify product: Probable acyltransferase FabY => putative acyltransferase FabY
[03:39:44] Modify product: Probable acyltransferase FabY => putative acyltransferase FabY
[03:39:44] Modify product: UPF0761 membrane protein YihY => hypothetical protein
[03:39:44] Modify product: Uncharacterized protein YihR => putative protein YihR
[03:39:44] Modify product: Uncharacterized protein YshB => putative protein YshB
[03:39:44] Modify product: Probable GTP-binding protein EngB => putative GTP-binding protein EngB
[03:39:44] Modify product: Uncharacterized lipoprotein YgdR => putative lipoprotein YgdR
[03:39:44] Modify product: UPF0382 inner membrane protein YgdD => hypothetical protein
[03:39:44] Modify product: Uncharacterized HTH-type transcriptional regulator YdjF => putative HTH-type transcriptional regulator YdjF
[03:39:44] Modify product: Uncharacterized protein YqcC => putative protein YqcC
[03:39:44] Modify product: Probable galactarate/D-glucarate transporter GudP => putative galactarate/D-glucarate transporter GudP
[03:39:44] Modify product: Uncharacterized protein YqcG => putative protein YqcG
[03:39:44] Modify product: Uncharacterized protein YgcP => putative protein YgcP
[03:39:44] Modify product: Probable iron export permease protein FetB => putative iron export permease protein FetB
[03:39:44] Modify product: Probable iron export ATP-binding protein FetA => putative iron export ATP-binding protein FetA
[03:39:44] Modify product: Uncharacterized HTH-type transcriptional regulator YbaQ => putative HTH-type transcriptional regulator YbaQ
[03:39:44] Modify product: Probable cyclic di-GMP phosphodiesterase PdeB => putative cyclic di-GMP phosphodiesterase PdeB
[03:39:44] Modify product: Uncharacterized protein YbaA => putative protein YbaA
[03:39:44] Modify product: Uncharacterized lipoprotein YbaY => putative lipoprotein YbaY
[03:39:44] Modify product: Uncharacterized protein HI_1008 => putative protein
[03:39:44] Modify product: Uncharacterized protein YlcG => putative protein YlcG
[03:39:44] Modify product: UPF0098 protein YbcL => hypothetical protein
[03:39:44] Modify product: Uncharacterized fimbrial-like protein SfmF => putative fimbrial-like protein SfmF
[03:39:44] Modify product: Uncharacterized fimbrial-like protein SfmH => putative fimbrial-like protein SfmH
[03:39:44] Modify product: Probable fimbrial chaperone SfmC => putative fimbrial chaperone SfmC
[03:39:44] Modify product: Uncharacterized fimbrial-like protein SfmA => putative fimbrial-like protein SfmA
[03:39:44] Modify product: Bifunctional protein FolD => Bifunctional protein FolD protein
[03:39:44] Modify product: Uncharacterized protein YbbC => putative protein YbbC
[03:39:44] Modify product: Uncharacterized fimbrial-like protein YbgD => putative fimbrial-like protein YbgD
[03:39:44] Modify product: GTP cyclohydrolase 1 type 2 homolog => GTP cyclohydrolase 1 type 2 
[03:39:44] Modify product: Uncharacterized GST-like protein YibF => putative GST-like protein YibF
[03:39:44] Modify product: Uncharacterized protein YjdJ => putative protein YjdJ
[03:39:44] Modify product: UPF0716 protein FxsA => hypothetical protein
[03:39:44] Modify product: Probable bifunctional chitinase/lysozyme => putative bifunctional chitinase/lysozyme
[03:39:44] Modify product: Probable D,D-dipeptide-binding periplasmic protein DdpA => putative D,D-dipeptide-binding periplasmic protein DdpA
[03:39:44] Modify product: Probable D,D-dipeptide transport system permease protein DdpB => putative D,D-dipeptide transport system permease protein DdpB
[03:39:44] Modify product: Probable D,D-dipeptide transport system permease protein DdpC => putative D,D-dipeptide transport system permease protein DdpC
[03:39:44] Modify product: Probable D,D-dipeptide transport ATP-binding protein DdpD => putative D,D-dipeptide transport ATP-binding protein DdpD
[03:39:44] Modify product: Probable D,D-dipeptide transport ATP-binding protein DdpF => putative D,D-dipeptide transport ATP-binding protein DdpF
[03:39:44] Modify product: Uncharacterized HTH-type transcriptional regulator YddM => putative HTH-type transcriptional regulator YddM
[03:39:44] Modify product: Probable nitrate reductase molybdenum cofactor assembly chaperone NarW => putative nitrate reductase molybdenum cofactor assembly chaperone NarW
[03:39:44] Modify product: Uncharacterized isomerase YddE => putative isomerase YddE
[03:39:44] Modify product: Uncharacterized isomerase YddE => putative isomerase YddE
[03:39:44] Modify product: Uncharacterized protein YdcD => putative protein YdcD
[03:39:45] Modify product: UPF0053 inner membrane protein YgdQ => hypothetical protein
[03:39:45] Modify product: Uncharacterized lipoprotein YgdR => putative lipoprotein YgdR
[03:39:45] Modify product: Uncharacterized fimbrial-like protein YdeQ => putative fimbrial-like protein YdeQ
[03:39:45] Modify product: Uncharacterized protein YddB => putative protein YddB
[03:39:45] Modify product: Probable zinc protease PqqL => putative zinc protease PqqL
[03:39:45] Modify product: Probable cystine transporter YijE => putative cystine transporter YijE
[03:39:45] Modify product: Probable dehydratase PflD => putative dehydratase PflD
[03:39:45] Modify product: 23S rRNA 5-hydroxycytidine C2501 synthase => 23S rRNA 5-hydroxycytidine synthase
[03:39:45] Modify product: Probable mRNA interferase toxin HicA => putative mRNA interferase toxin HicA
[03:39:45] Modify product: Uncharacterized protein YdcY => putative protein YdcY
[03:39:45] Modify product: Uncharacterized protein YncE => putative protein YncE
[03:39:45] Modify product: UPF0339 protein YegP => hypothetical protein
[03:39:45] Modify product: Probable deoxyribonuclease RhsA => putative deoxyribonuclease RhsA
[03:39:45] Modify product: Uncharacterized lipoprotein ChiQ => putative lipoprotein ChiQ
[03:39:45] Modify product: Uncharacterized protein YbfE => putative protein YbfE
[03:39:45] Modify product: Uncharacterized protein HI_0431 => putative protein
[03:39:45] Modify product: UPF0250 protein YbeD => hypothetical protein
[03:39:45] Modify product: Uncharacterized HTH-type transcriptional regulator YbdO => putative HTH-type transcriptional regulator YbdO
[03:39:45] Modify product: UPF0053 inner membrane protein YfjD => hypothetical protein
[03:39:45] Modify product: UPF0125 protein RatB => hypothetical protein
[03:39:45] Modify product: Probable transporter SCO4007 => putative transporter
[03:39:45] Modify product: Uncharacterized protein YgaM => putative protein YgaM
[03:39:45] Modify product: HTH-type transcriptional regulator XC_2801 => HTH-type transcriptional regulator
[03:39:45] Modify product: Probable cyclic di-GMP phosphodiesterase PdeK => putative cyclic di-GMP phosphodiesterase PdeK
[03:39:45] Modify product: Uncharacterized protein YbdM => putative protein YbdM
[03:39:45] Modify product: Uncharacterized MFS-type transporter YhjX => putative MFS-type transporter YhjX
[03:39:45] Modify product: Probable lipoprotein YiaD => putative lipoprotein YiaD
[03:39:45] Modify product: Uncharacterized metal-dependent hydrolase YjjV => putative metal-dependent hydrolase YjjV
[03:39:45] Modify product: Uncharacterized protein YjjI => putative protein YjjI
[03:39:45] Modify product: Probable inner membrane protein Smp => putative inner membrane protein Smp
[03:39:45] Modify product: Probable phospholipid transport protein YdbH => putative phospholipid transport protein YdbH
[03:39:45] Modify product: Uncharacterized protein YnbC => putative protein YnbC
[03:39:45] Modify product: Uncharacterized protein YnbD => putative protein YnbD
[03:39:45] Modify product: Probable amino-acid metabolite efflux pump => putative amino-acid metabolite efflux pump
[03:39:45] Modify product: Probable L,D-transpeptidase ErfK/SrfK => putative L,D-transpeptidase ErfK/SrfK
[03:39:45] Modify product: Uncharacterized methyltransferase YcgJ => putative methyltransferase YcgJ
[03:39:45] Modify product: UPF0056 inner membrane protein MarC => hypothetical protein
[03:39:45] Modify product: Probable transport protein HsrA => putative transport protein HsrA
[03:39:45] Cleaned 342 /product names
[03:39:45] Deleting unwanted file: annotation/ecoli.sprot.tmp.48945.faa
[03:39:45] Deleting unwanted file: annotation/ecoli.sprot.tmp.48945.blast
[03:39:45] Labelling remaining 676 proteins as 'hypothetical protein'
[03:39:45] Possible /pseudo 'Inner membrane transport protein YdiM' at NODE_3_length_240438_cov_32.400127 position 131995
[03:39:45] Possible /pseudo 'Putative anti-FlhC(2)FlhD(4) factor YdiV' at NODE_3_length_240438_cov_32.400127 position 152328
[03:39:45] Possible /pseudo 'IS3 family transposase ISEcB1' at NODE_5_length_195990_cov_37.199466 position 77666
[03:39:45] Possible /pseudo 'Ribosomal RNA small subunit methyltransferase G' at NODE_6_length_192983_cov_35.229163 position 10023
[03:39:45] Possible /pseudo 'Lipopolysaccharide 1,3-galactosyltransferase' at NODE_6_length_192983_cov_35.229163 position 151167
[03:39:45] Possible /pseudo 'putative cyclic di-GMP phosphodiesterase PdeC' at NODE_10_length_134143_cov_31.301016 position 62491
[03:39:45] Possible /pseudo 'Formate dehydrogenase H' at NODE_10_length_134143_cov_31.301016 position 84685
[03:39:45] Possible /pseudo 'Translocation and assembly module subunit TamB' at NODE_13_length_125222_cov_32.921020 position 72274
[03:39:45] Possible /pseudo 'Formate dehydrogenase-O major subunit' at NODE_17_length_91282_cov_32.003289 position 46986
[03:39:45] Possible /pseudo 'putative acyltransferase FabY' at NODE_17_length_91282_cov_32.003289 position 54178
[03:39:45] Possible /pseudo 'Putative 2,3-dihydroxypropane-1-sulfonate exporter' at NODE_17_length_91282_cov_32.003289 position 66296
[03:39:45] Possible /pseudo 'putative HTH-type transcriptional regulator LgoR' at NODE_18_length_89354_cov_48.731196 position 78758
[03:39:45] Possible /pseudo 'L-carnitine CoA-transferase' at NODE_19_length_88852_cov_38.205080 position 25976
[03:39:45] Possible /pseudo 'Hemolysin E, chromosomal' at NODE_24_length_75546_cov_29.414978 position 35723
[03:39:45] Possible /pseudo 'Putative cation/proton antiporter YbaL' at NODE_26_length_64638_cov_30.935224 position 21520
[03:39:45] Possible /pseudo 'ISAs1 family transposase ISEc1' at NODE_29_length_48585_cov_35.237219 position 42658
[03:39:45] Possible /pseudo 'Xylose import ATP-binding protein XylG' at NODE_30_length_44698_cov_30.500796 position 33282
[03:39:45] Possible /pseudo 'Sensor histidine kinase DcuS' at NODE_31_length_43253_cov_32.981819 position 2021
[03:39:45] Possible /pseudo 'Formate dehydrogenase, nitrate-inducible, major subunit' at NODE_34_length_41086_cov_42.192616 position 22608
[03:39:45] Possible /pseudo 'putative isomerase YddE' at NODE_34_length_41086_cov_42.192616 position 35370
[03:39:45] Possible /pseudo 'Chaperone protein FocC' at NODE_36_length_36685_cov_34.633222 position 16534
[03:39:45] Possible /pseudo 'Outer membrane usher protein FimD' at NODE_36_length_36685_cov_34.633222 position 17162
[03:39:45] Possible /pseudo 'Outer membrane usher protein FimD' at NODE_36_length_36685_cov_34.633222 position 18359
[03:39:45] Possible /pseudo 'Inner membrane protein CreD' at NODE_42_length_32331_cov_33.050226 position 18368
[03:39:45] Possible /pseudo 'Peptide transporter CstA' at NODE_48_length_27160_cov_30.499058 position 5569
[03:39:45] Possible /pseudo 'Small toxic polypeptide LdrD' at NODE_49_length_25566_cov_34.630900 position 4523
[03:39:45] Possible /pseudo 'Small toxic polypeptide LdrD' at NODE_49_length_25566_cov_34.630900 position 5006
[03:39:45] Found 3215 unique /gene codes.
[03:39:45] Fixed 3 duplicate /gene - fruA_1 fruA_2 fruA_3
[03:39:45] Fixed 2 duplicate /gene - intS_1 intS_2
[03:39:45] Fixed 2 duplicate /gene - rob_1 rob_2
[03:39:45] Fixed 2 duplicate /gene - lptB_1 lptB_2
[03:39:45] Fixed 2 duplicate /gene - gnsA_1 gnsA_2
[03:39:45] Fixed 3 duplicate /gene - rrrD_1 rrrD_2 rrrD_3
[03:39:45] Fixed 2 duplicate /gene - rpe_1 rpe_2
[03:39:45] Fixed 3 duplicate /gene - exuT_1 exuT_2 exuT_3
[03:39:45] Fixed 2 duplicate /gene - ccmF_1 ccmF_2
[03:39:45] Fixed 2 duplicate /gene - murR_1 murR_2
[03:39:45] Fixed 3 duplicate /gene - glnQ_1 glnQ_2 glnQ_3
[03:39:45] Fixed 2 duplicate /gene - lptG_1 lptG_2
[03:39:45] Fixed 3 duplicate /gene - acrB_1 acrB_2 acrB_3
[03:39:45] Fixed 2 duplicate /gene - yrdA_1 yrdA_2
[03:39:45] Fixed 2 duplicate /gene - yhfS_1 yhfS_2
[03:39:45] Fixed 2 duplicate /gene - flhA_1 flhA_2
[03:39:45] Fixed 2 duplicate /gene - dnaK_1 dnaK_2
[03:39:45] Fixed 2 duplicate /gene - codB_1 codB_2
[03:39:45] Fixed 3 duplicate /gene - allG_1 allG_2 allG_3
[03:39:45] Fixed 3 duplicate /gene - fixX_1 fixX_2 fixX_3
[03:39:45] Fixed 2 duplicate /gene - kdgK_1 kdgK_2
[03:39:45] Fixed 2 duplicate /gene - hycF_1 hycF_2
[03:39:45] Fixed 2 duplicate /gene - xdhA_1 xdhA_2
[03:39:45] Fixed 2 duplicate /gene - fryB_1 fryB_2
[03:39:45] Fixed 2 duplicate /gene - rbsA_1 rbsA_2
[03:39:45] Fixed 2 duplicate /gene - mipA_1 mipA_2
[03:39:45] Fixed 3 duplicate /gene - ldrD_1 ldrD_2 ldrD_3
[03:39:45] Fixed 2 duplicate /gene - intQ_1 intQ_2
[03:39:45] Fixed 2 duplicate /gene - ssuC_1 ssuC_2
[03:39:45] Fixed 2 duplicate /gene - algC_1 algC_2
[03:39:45] Fixed 2 duplicate /gene - gstB_1 gstB_2
[03:39:45] Fixed 2 duplicate /gene - nagK_1 nagK_2
[03:39:45] Fixed 2 duplicate /gene - cusC_1 cusC_2
[03:39:45] Fixed 2 duplicate /gene - slp_1 slp_2
[03:39:45] Fixed 5 duplicate /gene - srlR_1 srlR_2 srlR_3 srlR_4 srlR_5
[03:39:45] Fixed 2 duplicate /gene - gspJ_1 gspJ_2
[03:39:45] Fixed 2 duplicate /gene - ysdC_1 ysdC_2
[03:39:45] Fixed 2 duplicate /gene - talB_1 talB_2
[03:39:45] Fixed 3 duplicate /gene - arcC1_1 arcC1_2 arcC1_3
[03:39:45] Fixed 3 duplicate /gene - cynR_1 cynR_2 cynR_3
[03:39:45] Fixed 2 duplicate /gene - nagB_1 nagB_2
[03:39:45] Fixed 2 duplicate /gene - fimF_1 fimF_2
[03:39:45] Fixed 2 duplicate /gene - ydgA_1 ydgA_2
[03:39:45] Fixed 2 duplicate /gene - pdhR_1 pdhR_2
[03:39:45] Fixed 2 duplicate /gene - cytR_1 cytR_2
[03:39:45] Fixed 2 duplicate /gene - islB_1 islB_2
[03:39:45] Fixed 2 duplicate /gene - dgoA_1 dgoA_2
[03:39:45] Fixed 2 duplicate /gene - caiB_1 caiB_2
[03:39:45] Fixed 2 duplicate /gene - kpsD_1 kpsD_2
[03:39:45] Fixed 2 duplicate /gene - fabY_1 fabY_2
[03:39:45] Fixed 2 duplicate /gene - blc_1 blc_2
[03:39:45] Fixed 2 duplicate /gene - yiaW_1 yiaW_2
[03:39:45] Fixed 2 duplicate /gene - xylG_1 xylG_2
[03:39:45] Fixed 2 duplicate /gene - mlc_1 mlc_2
[03:39:45] Fixed 2 duplicate /gene - fadA_1 fadA_2
[03:39:45] Fixed 2 duplicate /gene - tsaR_1 tsaR_2
[03:39:45] Fixed 2 duplicate /gene - ulaE_1 ulaE_2
[03:39:45] Fixed 2 duplicate /gene - pgrR_1 pgrR_2
[03:39:45] Fixed 2 duplicate /gene - fixA_1 fixA_2
[03:39:45] Fixed 2 duplicate /gene - ompD_1 ompD_2
[03:39:45] Fixed 2 duplicate /gene - gspI_1 gspI_2
[03:39:45] Fixed 2 duplicate /gene - fucA_1 fucA_2
[03:39:45] Fixed 2 duplicate /gene - ftnA_1 ftnA_2
[03:39:45] Fixed 2 duplicate /gene - ytfJ_1 ytfJ_2
[03:39:45] Fixed 2 duplicate /gene - malP_1 malP_2
[03:39:45] Fixed 2 duplicate /gene - dam_1 dam_2
[03:39:45] Fixed 3 duplicate /gene - manZ_1 manZ_2 manZ_3
[03:39:45] Fixed 2 duplicate /gene - intA_1 intA_2
[03:39:45] Fixed 2 duplicate /gene - gfcB_1 gfcB_2
[03:39:45] Fixed 2 duplicate /gene - gatZ_1 gatZ_2
[03:39:45] Fixed 2 duplicate /gene - icsA_1 icsA_2
[03:39:45] Fixed 2 duplicate /gene - rhaR_1 rhaR_2
[03:39:45] Fixed 2 duplicate /gene - focC_1 focC_2
[03:39:45] Fixed 2 duplicate /gene - bioD1_1 bioD1_2
[03:39:45] Fixed 2 duplicate /gene - psuK_1 psuK_2
[03:39:45] Fixed 2 duplicate /gene - metL_1 metL_2
[03:39:45] Fixed 2 duplicate /gene - pspB_1 pspB_2
[03:39:45] Fixed 2 duplicate /gene - acrR_1 acrR_2
[03:39:45] Fixed 2 duplicate /gene - mglA_1 mglA_2
[03:39:45] Fixed 2 duplicate /gene - manX_1 manX_2
[03:39:45] Fixed 2 duplicate /gene - sgrR_1 sgrR_2
[03:39:45] Fixed 2 duplicate /gene - yicJ_1 yicJ_2
[03:39:45] Fixed 2 duplicate /gene - gadW_1 gadW_2
[03:39:45] Fixed 2 duplicate /gene - lldR_1 lldR_2
[03:39:45] Fixed 2 duplicate /gene - topA_1 topA_2
[03:39:45] Fixed 2 duplicate /gene - tamB_1 tamB_2
[03:39:45] Fixed 3 duplicate /gene - pncC_1 pncC_2 pncC_3
[03:39:45] Fixed 2 duplicate /gene - gadB_1 gadB_2
[03:39:45] Fixed 2 duplicate /gene - gatC_1 gatC_2
[03:39:45] Fixed 2 duplicate /gene - pdeC_1 pdeC_2
[03:39:45] Fixed 2 duplicate /gene - rbsC_1 rbsC_2
[03:39:45] Fixed 2 duplicate /gene - fabG_1 fabG_2
[03:39:45] Fixed 2 duplicate /gene - creD_1 creD_2
[03:39:45] Fixed 2 duplicate /gene - papD_1 papD_2
[03:39:45] Fixed 2 duplicate /gene - fryA_1 fryA_2
[03:39:45] Fixed 2 duplicate /gene - dgoR_1 dgoR_2
[03:39:45] Fixed 2 duplicate /gene - gatB_1 gatB_2
[03:39:45] Fixed 2 duplicate /gene - narL_1 narL_2
[03:39:45] Fixed 2 duplicate /gene - argE_1 argE_2
[03:39:45] Fixed 2 duplicate /gene - dcuS_1 dcuS_2
[03:39:45] Fixed 2 duplicate /gene - ydhX_1 ydhX_2
[03:39:45] Fixed 2 duplicate /gene - cstA_1 cstA_2
[03:39:45] Fixed 2 duplicate /gene - ygiW_1 ygiW_2
[03:39:45] Fixed 2 duplicate /gene - ttdT_1 ttdT_2
[03:39:45] Fixed 3 duplicate /gene - allF_1 allF_2 allF_3
[03:39:45] Fixed 2 duplicate /gene - mtlA_1 mtlA_2
[03:39:45] Fixed 2 duplicate /gene - hycG_1 hycG_2
[03:39:45] Fixed 2 duplicate /gene - punR_1 punR_2
[03:39:45] Fixed 2 duplicate /gene - dmsC_1 dmsC_2
[03:39:45] Fixed 2 duplicate /gene - kefC_1 kefC_2
[03:39:45] Fixed 2 duplicate /gene - dgoK_1 dgoK_2
[03:39:45] Fixed 2 duplicate /gene - fdhF_1 fdhF_2
[03:39:45] Fixed 2 duplicate /gene - ygcS_1 ygcS_2
[03:39:45] Fixed 2 duplicate /gene - deoB_1 deoB_2
[03:39:45] Fixed 2 duplicate /gene - dmsB_1 dmsB_2
[03:39:45] Fixed 3 duplicate /gene - fimD_1 fimD_2 fimD_3
[03:39:45] Fixed 2 duplicate /gene - hlyE_1 hlyE_2
[03:39:45] Fixed 2 duplicate /gene - ydjF_1 ydjF_2
[03:39:45] Fixed 2 duplicate /gene - hcaR_1 hcaR_2
[03:39:45] Fixed 2 duplicate /gene - gntR_1 gntR_2
[03:39:45] Fixed 2 duplicate /gene - aspT_1 aspT_2
[03:39:45] Fixed 2 duplicate /gene - ccmH_1 ccmH_2
[03:39:45] Fixed 2 duplicate /gene - gspK_1 gspK_2
[03:39:45] Fixed 2 duplicate /gene - waaI_1 waaI_2
[03:39:45] Fixed 2 duplicate /gene - ybiI_1 ybiI_2
[03:39:45] Fixed 2 duplicate /gene - cysE_1 cysE_2
[03:39:45] Fixed 2 duplicate /gene - yibA_1 yibA_2
[03:39:45] Fixed 2 duplicate /gene - caiT_1 caiT_2
[03:39:45] Fixed 2 duplicate /gene - yddE_1 yddE_2
[03:39:45] Fixed 2 duplicate /gene - ydiV_1 ydiV_2
[03:39:45] Fixed 2 duplicate /gene - hokE_1 hokE_2
[03:39:45] Fixed 2 duplicate /gene - ybaL_1 ybaL_2
[03:39:45] Fixed 2 duplicate /gene - gntK_1 gntK_2
[03:39:45] Fixed 4 duplicate /gene - aegA_1 aegA_2 aegA_3 aegA_4
[03:39:45] Fixed 2 duplicate /gene - ydjZ_1 ydjZ_2
[03:39:45] Fixed 2 duplicate /gene - melR_1 melR_2
[03:39:45] Fixed 2 duplicate /gene - ygdR_1 ygdR_2
[03:39:45] Fixed 2 duplicate /gene - fdnG_1 fdnG_2
[03:39:45] Fixed 2 duplicate /gene - nlpD_1 nlpD_2
[03:39:45] Fixed 2 duplicate /gene - por_1 por_2
[03:39:45] Fixed 2 duplicate /gene - rhtC_1 rhtC_2
[03:39:45] Fixed 2 duplicate /gene - rsmG_1 rsmG_2
[03:39:45] Fixed 2 duplicate /gene - fimG_1 fimG_2
[03:39:45] Fixed 2 duplicate /gene - ompX_1 ompX_2
[03:39:45] Fixed 2 duplicate /gene - lolD_1 lolD_2
[03:39:45] Fixed 2 duplicate /gene - yihP_1 yihP_2
[03:39:45] Fixed 2 duplicate /gene - papC_1 papC_2
[03:39:45] Fixed 2 duplicate /gene - yhaJ_1 yhaJ_2
[03:39:45] Fixed 2 duplicate /gene - ldrA_1 ldrA_2
[03:39:45] Fixed 2 duplicate /gene - wza_1 wza_2
[03:39:45] Fixed 2 duplicate /gene - bhsA_1 bhsA_2
[03:39:45] Fixed 2 duplicate /gene - adiY_1 adiY_2
[03:39:45] Fixed 2 duplicate /gene - aaeA_1 aaeA_2
[03:39:45] Fixed 2 duplicate /gene - ydjE_1 ydjE_2
[03:39:45] Fixed 2 duplicate /gene - yhhT_1 yhhT_2
[03:39:45] Fixed 2 duplicate /gene - ydiM_1 ydiM_2
[03:39:45] Fixed 2 duplicate /gene - ybgD_1 ybgD_2
[03:39:45] Fixed 2 duplicate /gene - xerC_1 xerC_2
[03:39:45] Fixed 2 duplicate /gene - caiA_1 caiA_2
[03:39:45] Fixed 2 duplicate /gene - sapB_1 sapB_2
[03:39:45] Fixed 2 duplicate /gene - gltC_1 gltC_2
[03:39:45] Fixed 2 duplicate /gene - ridA_1 ridA_2
[03:39:45] Fixed 2 duplicate /gene - rhsD_1 rhsD_2
[03:39:45] Fixed 2 duplicate /gene - tdh_1 tdh_2
[03:39:45] Fixed 2 duplicate /gene - oxyR_1 oxyR_2
[03:39:45] Fixed 2 duplicate /gene - araB_1 araB_2
[03:39:45] Fixed 2 duplicate /gene - opgE_1 opgE_2
[03:39:45] Fixed 2 duplicate /gene - potA_1 potA_2
[03:39:45] Fixed 2 duplicate /gene - agaC_1 agaC_2
[03:39:45] Fixed 2 duplicate /gene - fdoG_1 fdoG_2
[03:39:45] Fixed 2 duplicate /gene - bglH_1 bglH_2
[03:39:45] Fixed 2 duplicate /gene - nanQ_1 nanQ_2
[03:39:45] Fixed 2 duplicate /gene - mngR_1 mngR_2
[03:39:45] Fixed 2 duplicate /gene - waaJ_1 waaJ_2
[03:39:45] Fixed 2 duplicate /gene - manC1_1 manC1_2
[03:39:45] Fixed 2 duplicate /gene - acs_1 acs_2
[03:39:45] Fixed 2 duplicate /gene - mepS_1 mepS_2
[03:39:45] Fixed 2 duplicate /gene - fixB_1 fixB_2
[03:39:45] Fixed 2 duplicate /gene - fdnH_1 fdnH_2
[03:39:45] Fixed 2 duplicate /gene - chuR_1 chuR_2
[03:39:45] Fixed 2 duplicate /gene - lgoR_1 lgoR_2
[03:39:45] Fixed 2 duplicate /gene - dmlR_1 dmlR_2
[03:39:45] Fixed 2 duplicate /gene - ydiF_1 ydiF_2
[03:39:45] Fixed 2 duplicate /gene - kduD_1 kduD_2
[03:39:45] Fixed 2 duplicate /gene - atoB_1 atoB_2
[03:39:45] Fixed 185 colliding /gene names.
[03:39:45] Adding /locus_tag identifiers
[03:39:45] Assigned 4340 locus_tags to CDS and RNA features.
[03:39:45] Writing outputs to annotation/
[03:39:47] Generating annotation statistics file
[03:39:47] Generating Genbank and Sequin files
[03:39:47] Running: tbl2asn -V b -a r10k -l paired-ends -M n -N 1 -y 'Annotated using prokka 1.15.6 from https://github.com/tseemann/prokka' -Z annotation\/ecoli\.err -i annotation\/ecoli\.fsa 2> /dev/null
[03:39:59] Deleting unwanted file: annotation/errorsummary.val
[03:39:59] Deleting unwanted file: annotation/ecoli.dr
[03:39:59] Deleting unwanted file: annotation/ecoli.fixedproducts
[03:39:59] Deleting unwanted file: annotation/ecoli.ecn
[03:39:59] Deleting unwanted file: annotation/ecoli.val
[03:39:59] Repairing broken .GBK output that tbl2asn produces...
[03:39:59] Running: sed 's/COORDINATES: profile/COORDINATES:profile/' < annotation\/ecoli\.gbf > annotation\/ecoli\.gbk
[03:39:59] Deleting unwanted file: annotation/ecoli.gbf
[03:39:59] Output files:
[03:39:59] annotation/ecoli.gbk
[03:39:59] annotation/ecoli.tbl
[03:39:59] annotation/ecoli.sqn
[03:39:59] annotation/ecoli.ffn
[03:39:59] annotation/ecoli.fna
[03:39:59] annotation/ecoli.txt
[03:39:59] annotation/ecoli.gff
[03:39:59] annotation/ecoli.faa
[03:39:59] annotation/ecoli.fsa
[03:39:59] annotation/ecoli.err
[03:39:59] annotation/ecoli.log
[03:39:59] annotation/ecoli.tsv
[03:39:59] Annotation finished successfully.
[03:39:59] Walltime used: 3.83 minutes
[03:39:59] If you use this result please cite the Prokka paper:
[03:39:59] Seemann T (2014) Prokka: rapid prokaryotic genome annotation. Bioinformatics. 30(14):2068-9.
[03:39:59] Type 'prokka --citation' for more details.
[03:39:59] Thank you, come again.
